Start testing: Sep 20 11:47 MSK
----------------------------------------------------------
1/10 Testing: Rational_number_constructor_test.null_is_null
1/10 Test: Rational_number_constructor_test.null_is_null
Command: "/Users/mikhailpankin/Work/C++/alice_in_wonderland/bin/Rational_number_constructor_test" "--gtest_filter=Rational_number_constructor_test.null_is_null" "--gtest_also_run_disabled_tests"
Directory: /Users/mikhailpankin/Work/C++/alice_in_wonderland/build
"Rational_number_constructor_test.null_is_null" start time: Sep 20 11:47 MSK
Output:
----------------------------------------------------------
Running main() from /Users/mikhailpankin/Work/C++/alice_in_wonderland/build/_deps/googletest-src/googletest/src/gtest_main.cc
Note: Google Test filter = Rational_number_constructor_test.null_is_null
[==========] Running 1 test from 1 test suite.
[----------] Global test environment set-up.
[----------] 1 test from Rational_number_constructor_test
[ RUN      ] Rational_number_constructor_test.null_is_null
[       OK ] Rational_number_constructor_test.null_is_null (0 ms)
[----------] 1 test from Rational_number_constructor_test (0 ms total)

[----------] Global test environment tear-down
[==========] 1 test from 1 test suite ran. (0 ms total)
[  PASSED  ] 1 test.
<end of output>
Test time =   0.01 sec
----------------------------------------------------------
Test Passed.
"Rational_number_constructor_test.null_is_null" end time: Sep 20 11:47 MSK
"Rational_number_constructor_test.null_is_null" time elapsed: 00:00:00
----------------------------------------------------------

2/10 Testing: Rational_number_constructor_test.simple_constructor_check
2/10 Test: Rational_number_constructor_test.simple_constructor_check
Command: "/Users/mikhailpankin/Work/C++/alice_in_wonderland/bin/Rational_number_constructor_test" "--gtest_filter=Rational_number_constructor_test.simple_constructor_check" "--gtest_also_run_disabled_tests"
Directory: /Users/mikhailpankin/Work/C++/alice_in_wonderland/build
"Rational_number_constructor_test.simple_constructor_check" start time: Sep 20 11:47 MSK
Output:
----------------------------------------------------------
Running main() from /Users/mikhailpankin/Work/C++/alice_in_wonderland/build/_deps/googletest-src/googletest/src/gtest_main.cc
Note: Google Test filter = Rational_number_constructor_test.simple_constructor_check
[==========] Running 1 test from 1 test suite.
[----------] Global test environment set-up.
[----------] 1 test from Rational_number_constructor_test
[ RUN      ] Rational_number_constructor_test.simple_constructor_check
[       OK ] Rational_number_constructor_test.simple_constructor_check (0 ms)
[----------] 1 test from Rational_number_constructor_test (0 ms total)

[----------] Global test environment tear-down
[==========] 1 test from 1 test suite ran. (0 ms total)
[  PASSED  ] 1 test.
<end of output>
Test time =   0.01 sec
----------------------------------------------------------
Test Passed.
"Rational_number_constructor_test.simple_constructor_check" end time: Sep 20 11:47 MSK
"Rational_number_constructor_test.simple_constructor_check" time elapsed: 00:00:00
----------------------------------------------------------

3/10 Testing: Rational_number_constructor_test.from_string
3/10 Test: Rational_number_constructor_test.from_string
Command: "/Users/mikhailpankin/Work/C++/alice_in_wonderland/bin/Rational_number_constructor_test" "--gtest_filter=Rational_number_constructor_test.from_string" "--gtest_also_run_disabled_tests"
Directory: /Users/mikhailpankin/Work/C++/alice_in_wonderland/build
"Rational_number_constructor_test.from_string" start time: Sep 20 11:47 MSK
Output:
----------------------------------------------------------
Running main() from /Users/mikhailpankin/Work/C++/alice_in_wonderland/build/_deps/googletest-src/googletest/src/gtest_main.cc
Note: Google Test filter = Rational_number_constructor_test.from_string
[==========] Running 1 test from 1 test suite.
[----------] Global test environment set-up.
[----------] 1 test from Rational_number_constructor_test
[ RUN      ] Rational_number_constructor_test.from_string
[       OK ] Rational_number_constructor_test.from_string (0 ms)
[----------] 1 test from Rational_number_constructor_test (0 ms total)

[----------] Global test environment tear-down
[==========] 1 test from 1 test suite ran. (0 ms total)
[  PASSED  ] 1 test.
<end of output>
Test time =   0.01 sec
----------------------------------------------------------
Test Passed.
"Rational_number_constructor_test.from_string" end time: Sep 20 11:47 MSK
"Rational_number_constructor_test.from_string" time elapsed: 00:00:00
----------------------------------------------------------

4/10 Testing: Rational_number_constructor_test.from_pair
4/10 Test: Rational_number_constructor_test.from_pair
Command: "/Users/mikhailpankin/Work/C++/alice_in_wonderland/bin/Rational_number_constructor_test" "--gtest_filter=Rational_number_constructor_test.from_pair" "--gtest_also_run_disabled_tests"
Directory: /Users/mikhailpankin/Work/C++/alice_in_wonderland/build
"Rational_number_constructor_test.from_pair" start time: Sep 20 11:47 MSK
Output:
----------------------------------------------------------
Running main() from /Users/mikhailpankin/Work/C++/alice_in_wonderland/build/_deps/googletest-src/googletest/src/gtest_main.cc
Note: Google Test filter = Rational_number_constructor_test.from_pair
[==========] Running 1 test from 1 test suite.
[----------] Global test environment set-up.
[----------] 1 test from Rational_number_constructor_test
[ RUN      ] Rational_number_constructor_test.from_pair
[       OK ] Rational_number_constructor_test.from_pair (0 ms)
[----------] 1 test from Rational_number_constructor_test (0 ms total)

[----------] Global test environment tear-down
[==========] 1 test from 1 test suite ran. (0 ms total)
[  PASSED  ] 1 test.
<end of output>
Test time =   0.01 sec
----------------------------------------------------------
Test Passed.
"Rational_number_constructor_test.from_pair" end time: Sep 20 11:47 MSK
"Rational_number_constructor_test.from_pair" time elapsed: 00:00:00
----------------------------------------------------------

5/10 Testing: Rational_number_constructor_test.from_int
5/10 Test: Rational_number_constructor_test.from_int
Command: "/Users/mikhailpankin/Work/C++/alice_in_wonderland/bin/Rational_number_constructor_test" "--gtest_filter=Rational_number_constructor_test.from_int" "--gtest_also_run_disabled_tests"
Directory: /Users/mikhailpankin/Work/C++/alice_in_wonderland/build
"Rational_number_constructor_test.from_int" start time: Sep 20 11:47 MSK
Output:
----------------------------------------------------------
Running main() from /Users/mikhailpankin/Work/C++/alice_in_wonderland/build/_deps/googletest-src/googletest/src/gtest_main.cc
Note: Google Test filter = Rational_number_constructor_test.from_int
[==========] Running 1 test from 1 test suite.
[----------] Global test environment set-up.
[----------] 1 test from Rational_number_constructor_test
[ RUN      ] Rational_number_constructor_test.from_int
[       OK ] Rational_number_constructor_test.from_int (0 ms)
[----------] 1 test from Rational_number_constructor_test (0 ms total)

[----------] Global test environment tear-down
[==========] 1 test from 1 test suite ran. (0 ms total)
[  PASSED  ] 1 test.
<end of output>
Test time =   0.01 sec
----------------------------------------------------------
Test Passed.
"Rational_number_constructor_test.from_int" end time: Sep 20 11:47 MSK
"Rational_number_constructor_test.from_int" time elapsed: 00:00:00
----------------------------------------------------------

6/10 Testing: Rational_number_constructor_test
6/10 Test: Rational_number_constructor_test
Command: "/Users/mikhailpankin/Work/C++/alice_in_wonderland/bin/Rational_number_constructor_test"
Directory: /Users/mikhailpankin/Work/C++/alice_in_wonderland/build
"Rational_number_constructor_test" start time: Sep 20 11:47 MSK
Output:
----------------------------------------------------------
Running main() from /Users/mikhailpankin/Work/C++/alice_in_wonderland/build/_deps/googletest-src/googletest/src/gtest_main.cc
[==========] Running 5 tests from 1 test suite.
[----------] Global test environment set-up.
[----------] 5 tests from Rational_number_constructor_test
[ RUN      ] Rational_number_constructor_test.null_is_null
[       OK ] Rational_number_constructor_test.null_is_null (0 ms)
[ RUN      ] Rational_number_constructor_test.simple_constructor_check
[       OK ] Rational_number_constructor_test.simple_constructor_check (0 ms)
[ RUN      ] Rational_number_constructor_test.from_string
[       OK ] Rational_number_constructor_test.from_string (0 ms)
[ RUN      ] Rational_number_constructor_test.from_pair
[       OK ] Rational_number_constructor_test.from_pair (0 ms)
[ RUN      ] Rational_number_constructor_test.from_int
[       OK ] Rational_number_constructor_test.from_int (0 ms)
[----------] 5 tests from Rational_number_constructor_test (0 ms total)

[----------] Global test environment tear-down
[==========] 5 tests from 1 test suite ran. (0 ms total)
[  PASSED  ] 5 tests.
<end of output>
Test time =   0.01 sec
----------------------------------------------------------
Test Passed.
"Rational_number_constructor_test" end time: Sep 20 11:47 MSK
"Rational_number_constructor_test" time elapsed: 00:00:00
----------------------------------------------------------

7/10 Testing: Rational_number_operators_test
7/10 Test: Rational_number_operators_test
Command: "/Users/mikhailpankin/Work/C++/alice_in_wonderland/bin/Rational_number_operators_test"
Directory: /Users/mikhailpankin/Work/C++/alice_in_wonderland/build
"Rational_number_operators_test" start time: Sep 20 11:47 MSK
Output:
----------------------------------------------------------
Running main() from /Users/mikhailpankin/Work/C++/alice_in_wonderland/build/_deps/googletest-src/googletest/src/gtest_main.cc
[==========] Running 8 tests from 1 test suite.
[----------] Global test environment set-up.
[----------] 8 tests from Rational_number_operators_test
[ RUN      ] Rational_number_operators_test.unary_minus_operator_check
[       OK ] Rational_number_operators_test.unary_minus_operator_check (0 ms)
[ RUN      ] Rational_number_operators_test.increment_check
[       OK ] Rational_number_operators_test.increment_check (0 ms)
[ RUN      ] Rational_number_operators_test.decrement_check
[       OK ] Rational_number_operators_test.decrement_check (0 ms)
[ RUN      ] Rational_number_operators_test.plus_check
[       OK ] Rational_number_operators_test.plus_check (0 ms)
[ RUN      ] Rational_number_operators_test.minus_check
[       OK ] Rational_number_operators_test.minus_check (0 ms)
[ RUN      ] Rational_number_operators_test.multiply_check
[       OK ] Rational_number_operators_test.multiply_check (0 ms)
[ RUN      ] Rational_number_operators_test.division_check
[       OK ] Rational_number_operators_test.division_check (0 ms)
[ RUN      ] Rational_number_operators_test.to_string_and_back_check
[       OK ] Rational_number_operators_test.to_string_and_back_check (0 ms)
[----------] 8 tests from Rational_number_operators_test (1 ms total)

[----------] Global test environment tear-down
[==========] 8 tests from 1 test suite ran. (1 ms total)
[  PASSED  ] 8 tests.
<end of output>
Test time =   0.01 sec
----------------------------------------------------------
Test Passed.
"Rational_number_operators_test" end time: Sep 20 11:47 MSK
"Rational_number_operators_test" time elapsed: 00:00:00
----------------------------------------------------------

8/10 Testing: StringInt_constructor_test
8/10 Test: StringInt_constructor_test
Command: "/Users/mikhailpankin/Work/C++/alice_in_wonderland/bin/StringInt_constructor_test"
Directory: /Users/mikhailpankin/Work/C++/alice_in_wonderland/build
"StringInt_constructor_test" start time: Sep 20 11:47 MSK
Output:
----------------------------------------------------------
Running main() from /Users/mikhailpankin/Work/C++/alice_in_wonderland/build/_deps/googletest-src/googletest/src/gtest_main.cc
[==========] Running 3 tests from 1 test suite.
[----------] Global test environment set-up.
[----------] 3 tests from StringInt_constructor_test
[ RUN      ] StringInt_constructor_test.unsigned_constructor_test
[       OK ] StringInt_constructor_test.unsigned_constructor_test (0 ms)
[ RUN      ] StringInt_constructor_test.signed_constructor_test
[       OK ] StringInt_constructor_test.signed_constructor_test (0 ms)
[ RUN      ] StringInt_constructor_test.from_string_constructor_test
[       OK ] StringInt_constructor_test.from_string_constructor_test (0 ms)
[----------] 3 tests from StringInt_constructor_test (0 ms total)

[----------] Global test environment tear-down
[==========] 3 tests from 1 test suite ran. (0 ms total)
[  PASSED  ] 3 tests.
<end of output>
Test time =   0.22 sec
----------------------------------------------------------
Test Passed.
"StringInt_constructor_test" end time: Sep 20 11:47 MSK
"StringInt_constructor_test" time elapsed: 00:00:00
----------------------------------------------------------

9/10 Testing: StringInt_operators_test
9/10 Test: StringInt_operators_test
Command: "/Users/mikhailpankin/Work/C++/alice_in_wonderland/bin/StringInt_operators_test"
Directory: /Users/mikhailpankin/Work/C++/alice_in_wonderland/build
"StringInt_operators_test" start time: Sep 20 11:47 MSK
Output:
----------------------------------------------------------
Running main() from /Users/mikhailpankin/Work/C++/alice_in_wonderland/build/_deps/googletest-src/googletest/src/gtest_main.cc
[==========] Running 6 tests from 1 test suite.
[----------] Global test environment set-up.
[----------] 6 tests from StringInt_operators_test
[ RUN      ] StringInt_operators_test.comparator_check
[       OK ] StringInt_operators_test.comparator_check (0 ms)
[ RUN      ] StringInt_operators_test.plus_check
[       OK ] StringInt_operators_test.plus_check (0 ms)
[ RUN      ] StringInt_operators_test.minus_check
[       OK ] StringInt_operators_test.minus_check (0 ms)
[ RUN      ] StringInt_operators_test.multiply_check
[       OK ] StringInt_operators_test.multiply_check (0 ms)
[ RUN      ] StringInt_operators_test.division_check
[       OK ] StringInt_operators_test.division_check (0 ms)
[ RUN      ] StringInt_operators_test.gcd_check
[       OK ] StringInt_operators_test.gcd_check (0 ms)
[----------] 6 tests from StringInt_operators_test (0 ms total)

[----------] Global test environment tear-down
[==========] 6 tests from 1 test suite ran. (0 ms total)
[  PASSED  ] 6 tests.
<end of output>
Test time =   0.48 sec
----------------------------------------------------------
Test Passed.
"StringInt_operators_test" end time: Sep 20 11:47 MSK
"StringInt_operators_test" time elapsed: 00:00:00
----------------------------------------------------------

10/10 Testing: StringInt_cast_test
10/10 Test: StringInt_cast_test
Command: "/Users/mikhailpankin/Work/C++/alice_in_wonderland/bin/StringInt_cast_test"
Directory: /Users/mikhailpankin/Work/C++/alice_in_wonderland/build
"StringInt_cast_test" start time: Sep 20 11:47 MSK
Output:
----------------------------------------------------------
Running main() from /Users/mikhailpankin/Work/C++/alice_in_wonderland/build/_deps/googletest-src/googletest/src/gtest_main.cc
[==========] Running 3 tests from 1 test suite.
[----------] Global test environment set-up.
[----------] 3 tests from StringInt_cast_test
[ RUN      ] StringInt_cast_test.StringInt_to_integets_test
/Users/mikhailpankin/Work/C++/alice_in_wonderland/src/StringInt/tests/StringInt_cast_test.cpp:23: Failure
Expected equality of these values:
  (long long) (rational)
    Which is: 5433333333328
  100000000000LL
    Which is: 100000000000
[  FAILED  ] StringInt_cast_test.StringInt_to_integets_test (0 ms)
[ RUN      ] StringInt_cast_test.signed_constructor_test
[       OK ] StringInt_cast_test.signed_constructor_test (0 ms)
[ RUN      ] StringInt_cast_test.to_StringInt_cast_check
[       OK ] StringInt_cast_test.to_StringInt_cast_check (0 ms)
[----------] 3 tests from StringInt_cast_test (0 ms total)

[----------] Global test environment tear-down
[==========] 3 tests from 1 test suite ran. (0 ms total)
[  PASSED  ] 2 tests.
[  FAILED  ] 1 test, listed below:
[  FAILED  ] StringInt_cast_test.StringInt_to_integets_test

 1 FAILED TEST
<end of output>
Test time =   0.70 sec
----------------------------------------------------------
Test Failed.
"StringInt_cast_test" end time: Sep 20 11:47 MSK
"StringInt_cast_test" time elapsed: 00:00:00
----------------------------------------------------------

End testing: Sep 20 11:47 MSK
