<?xml version="1.0" encoding="UTF-8"?>
<Site BuildName="(empty)"
	BuildStamp="20220920-0847-Experimental"
	Name="(empty)"
	Generator="ctest-3.24.1"
	CompilerName=""
	CompilerVersion=""
	OSName="macOS"
	Hostname="MacBook-Mikhail.local"
	OSRelease="12.5"
	OSVersion="21G72"
	OSPlatform="arm64"
	Is64Bits="1"
	VendorString="IBM"
	VendorID="IBM"
	FamilyID="16777228"
	ModelID="2"
	ProcessorCacheSize="131072"
	NumberOfLogicalCPU="8"
	NumberOfPhysicalCPU="8"
	TotalVirtualMemory="1024"
	TotalPhysicalMemory="8192"
	LogicalProcessorsPerPhysical="8"
	ProcessorClockFrequency="0"
	>
	<Testing>
		<StartDateTime>Sep 20 11:47 MSK</StartDateTime>
		<StartTestTime>1663663671</StartTestTime>
		<TestList>
			<Test>./Rational_number_constructor_test.null_is_null</Test>
			<Test>./Rational_number_constructor_test.simple_constructor_check</Test>
			<Test>./Rational_number_constructor_test.from_string</Test>
			<Test>./Rational_number_constructor_test.from_pair</Test>
			<Test>./Rational_number_constructor_test.from_int</Test>
			<Test>./Rational_number_constructor_test</Test>
			<Test>./Rational_number_operators_test</Test>
			<Test>./StringInt_constructor_test</Test>
			<Test>./StringInt_operators_test</Test>
			<Test>./StringInt_cast_test</Test>
		</TestList>
		<Test Status="passed">
			<Name>Rational_number_constructor_test.null_is_null</Name>
			<Path>.</Path>
			<FullName>./Rational_number_constructor_test.null_is_null</FullName>
			<FullCommandLine>/Users/mikhailpankin/Work/C++/alice_in_wonderland/bin/Rational_number_constructor_test "--gtest_filter=Rational_number_constructor_test.null_is_null" "--gtest_also_run_disabled_tests"</FullCommandLine>
			<Results>
				<NamedMeasurement type="numeric/double" name="Execution Time">
					<Value>0.0131984</Value>
				</NamedMeasurement>
				<NamedMeasurement type="numeric/double" name="Processors">
					<Value>1</Value>
				</NamedMeasurement>
				<NamedMeasurement type="text/string" name="Completion Status">
					<Value>Completed</Value>
				</NamedMeasurement>
				<NamedMeasurement type="text/string" name="Command Line">
					<Value>/Users/mikhailpankin/Work/C++/alice_in_wonderland/bin/Rational_number_constructor_test "--gtest_filter=Rational_number_constructor_test.null_is_null" "--gtest_also_run_disabled_tests"</Value>
				</NamedMeasurement>
				<NamedMeasurement type="text/string" name="Environment">
					<Value>#CTEST_RESOURCE_GROUP_COUNT=</Value>
				</NamedMeasurement>
				<Measurement>
					<Value encoding="base64" compression="gzip">eJydUcFqAkEMve9X5KjI7rTXgofSFg8FW9ZKDyLDuBttcDaRmUz9/bq7Iloorc0lCXl5yUvKxEy8gcYRD4awDtKAmUcM0TS0/XDkd463xOZdwtY8jEbGearQEtu9cI3BO67NKpGvja1xF81GZONRMWoeQ3WWmi5tI9tOK6oqm4riHUw6CLwdKrAmrxhgDKVTEnbecmpWGGwlHDWkSiXYlqPg5L2laFufLcYnW0J51HQL2lG2mo5xTKRYZIv8ZEuYeFk539eRPykIN8gHLGqedt/A55y/rZgtoJxPobPltYL6Nnh5vrYVBjfQxOH/1+4JQEWdH2Z/u5WiC3kte778xE8fgOC4uJxzEPx6P5s9Pba36rFF9gWD++Xf====</Value>
				</Measurement>
			</Results>
		</Test>
		<Test Status="passed">
			<Name>Rational_number_constructor_test.simple_constructor_check</Name>
			<Path>.</Path>
			<FullName>./Rational_number_constructor_test.simple_constructor_check</FullName>
			<FullCommandLine>/Users/mikhailpankin/Work/C++/alice_in_wonderland/bin/Rational_number_constructor_test "--gtest_filter=Rational_number_constructor_test.simple_constructor_check" "--gtest_also_run_disabled_tests"</FullCommandLine>
			<Results>
				<NamedMeasurement type="numeric/double" name="Execution Time">
					<Value>0.0123081</Value>
				</NamedMeasurement>
				<NamedMeasurement type="numeric/double" name="Processors">
					<Value>1</Value>
				</NamedMeasurement>
				<NamedMeasurement type="text/string" name="Completion Status">
					<Value>Completed</Value>
				</NamedMeasurement>
				<NamedMeasurement type="text/string" name="Command Line">
					<Value>/Users/mikhailpankin/Work/C++/alice_in_wonderland/bin/Rational_number_constructor_test "--gtest_filter=Rational_number_constructor_test.simple_constructor_check" "--gtest_also_run_disabled_tests"</Value>
				</NamedMeasurement>
				<NamedMeasurement type="text/string" name="Environment">
					<Value>#CTEST_RESOURCE_GROUP_COUNT=</Value>
				</NamedMeasurement>
				<Measurement>
					<Value encoding="base64" compression="gzip">eJylkcFqwzAMhu95Ch1XSuLtOuhhbKOHQTfSlR1KMa6jtiK2FGxnff01SSntYGysOknWzyf/UtkyE2/BG+KbEWyCeFCLiCEqT/XOkGsM18TqQ0KtHsdjZRxZ1MR6L1xhcIYrtW7JVUpX2ES1Fdk6TBhTHoM9K1VfdpnuphXWZjNJeA/TXgLvhw5syCUMMIHSJBI2TnPr1xi0FY4ptDZJ0B2jiOQbhxfvdoe2zpaTU6ygPPq7g9TjO3/HPLaUsMiW+SlWMHWyNm7oI39SEPbIBy2mvG2+ic+Zv303W0K5mEEfq2vMDQh4fbkGAze34OPo/3YGACRJxo2yv+0woQl5JXu+vNBPl4FguLicczD/9jCfPz91Oxy0RfYFAIb00w==</Value>
				</Measurement>
			</Results>
		</Test>
		<Test Status="passed">
			<Name>Rational_number_constructor_test.from_string</Name>
			<Path>.</Path>
			<FullName>./Rational_number_constructor_test.from_string</FullName>
			<FullCommandLine>/Users/mikhailpankin/Work/C++/alice_in_wonderland/bin/Rational_number_constructor_test "--gtest_filter=Rational_number_constructor_test.from_string" "--gtest_also_run_disabled_tests"</FullCommandLine>
			<Results>
				<NamedMeasurement type="numeric/double" name="Execution Time">
					<Value>0.0112208</Value>
				</NamedMeasurement>
				<NamedMeasurement type="numeric/double" name="Processors">
					<Value>1</Value>
				</NamedMeasurement>
				<NamedMeasurement type="text/string" name="Completion Status">
					<Value>Completed</Value>
				</NamedMeasurement>
				<NamedMeasurement type="text/string" name="Command Line">
					<Value>/Users/mikhailpankin/Work/C++/alice_in_wonderland/bin/Rational_number_constructor_test "--gtest_filter=Rational_number_constructor_test.from_string" "--gtest_also_run_disabled_tests"</Value>
				</NamedMeasurement>
				<NamedMeasurement type="text/string" name="Environment">
					<Value>#CTEST_RESOURCE_GROUP_COUNT=</Value>
				</NamedMeasurement>
				<Measurement>
					<Value encoding="base64" compression="gzip">eJydUU1rwzAMvedX6NhSEm/XQQ9jGz0MupGu7BCCcRK1M7WlYivr318+SmkHY+t0kqynp/fkvCWytAVvLE2msAnsQa0jhqi83X0Y6/aGdpbUO4edepjNlHG2Rm1JH5gaDM5Qo6rWukbpBvdRbZm3DgWjpDHUZ6Uayj7T/basrpMlC97BYoDAW9eBjXWCAeaQG7FMxmlqfYVB10xRQlsLB91zZL1U3T116pNifooS8qOlW5CBsbd0zGNrBbOkSE9RwsJxZdzYR/q0gckjdViUtN1/A59z/qYwKSBfL2GI8ko/4xS8PF85CZMb8HH6f9EjAQiLcdPkb5cSNCFt+ECX//DT/SEYyi73dH5f71erp8f+UiM2S74AjNPkrQ==</Value>
				</Measurement>
			</Results>
		</Test>
		<Test Status="passed">
			<Name>Rational_number_constructor_test.from_pair</Name>
			<Path>.</Path>
			<FullName>./Rational_number_constructor_test.from_pair</FullName>
			<FullCommandLine>/Users/mikhailpankin/Work/C++/alice_in_wonderland/bin/Rational_number_constructor_test "--gtest_filter=Rational_number_constructor_test.from_pair" "--gtest_also_run_disabled_tests"</FullCommandLine>
			<Results>
				<NamedMeasurement type="numeric/double" name="Execution Time">
					<Value>0.00991883</Value>
				</NamedMeasurement>
				<NamedMeasurement type="numeric/double" name="Processors">
					<Value>1</Value>
				</NamedMeasurement>
				<NamedMeasurement type="text/string" name="Completion Status">
					<Value>Completed</Value>
				</NamedMeasurement>
				<NamedMeasurement type="text/string" name="Command Line">
					<Value>/Users/mikhailpankin/Work/C++/alice_in_wonderland/bin/Rational_number_constructor_test "--gtest_filter=Rational_number_constructor_test.from_pair" "--gtest_also_run_disabled_tests"</Value>
				</NamedMeasurement>
				<NamedMeasurement type="text/string" name="Environment">
					<Value>#CTEST_RESOURCE_GROUP_COUNT=</Value>
				</NamedMeasurement>
				<Measurement>
					<Value encoding="base64" compression="gzip">eJydUUFLw1AMvvdX5Lgx2qdXYQdR2UGY0jk8jPJ4a7P52GtS8lL3913bMTZBdOaUkC9fvi/JWyJPW6idp9EYNsI1mGVEiab2uw/nQ+No58m8s+zMw2RiXPAlWk92z1ShBEeVWbc+VMZW2ESzZd4GVIyaRinPStOXXWa7bVlZJnNWvINZD4G3Qwc2PigKTCF36plcsNTWaxRbMkWVtlQW23FknVTbOC/JanqKAvKjoVvQnq8zdMxj6xWzZJWeooBZ4LULQx/p0wtTjXTAoqZt8w18zvmbvmQF+XIOfRRXuRlm4OX5qjkY3UAdx/8XPBCAsrowTv52JUUnacV7uvzBT7cHcZRd7jm4fb1fLJ4euysN2Cz5Ajcw4ew=</Value>
				</Measurement>
			</Results>
		</Test>
		<Test Status="passed">
			<Name>Rational_number_constructor_test.from_int</Name>
			<Path>.</Path>
			<FullName>./Rational_number_constructor_test.from_int</FullName>
			<FullCommandLine>/Users/mikhailpankin/Work/C++/alice_in_wonderland/bin/Rational_number_constructor_test "--gtest_filter=Rational_number_constructor_test.from_int" "--gtest_also_run_disabled_tests"</FullCommandLine>
			<Results>
				<NamedMeasurement type="numeric/double" name="Execution Time">
					<Value>0.00844771</Value>
				</NamedMeasurement>
				<NamedMeasurement type="numeric/double" name="Processors">
					<Value>1</Value>
				</NamedMeasurement>
				<NamedMeasurement type="text/string" name="Completion Status">
					<Value>Completed</Value>
				</NamedMeasurement>
				<NamedMeasurement type="text/string" name="Command Line">
					<Value>/Users/mikhailpankin/Work/C++/alice_in_wonderland/bin/Rational_number_constructor_test "--gtest_filter=Rational_number_constructor_test.from_int" "--gtest_also_run_disabled_tests"</Value>
				</NamedMeasurement>
				<NamedMeasurement type="text/string" name="Environment">
					<Value>#CTEST_RESOURCE_GROUP_COUNT=</Value>
				</NamedMeasurement>
				<Measurement>
					<Value encoding="base64" compression="gzip">eJydUctqw0AMvPsrdIwJ9rbXQg6lLTkU0uI09BDMsrEVd/FaMrty8/v1I4SkUNpUJwmNRjNS1hFZqqAxlmYx7D03oDYBfVCNrT+Mda2h2pJ6Z1+rh/lcGWcL1Jb0galE7wyVatdZVypdYhtUxVw5FAySBF+clWosh0wP29KiiFYseAfLEQJvfQf21gl6WEBmxDIZp6lrduh1wRTEd4Ww1wNHOkjtZUi0XZwih+zo5xZkpBv8HPPQWcE02ianyGHpeGfc1Ef6tJ6pQeqxKEnXfgOfc/4mL9pCtlnBGPk1ZqYReHm+ZgxmN9CE+P9yJwIQFuPi6G83EjQ+KflAlx/46fLgDaWXe3qzr/fr9dPjcKMJm0ZfXYfgyQ==</Value>
				</Measurement>
			</Results>
		</Test>
		<Test Status="passed">
			<Name>Rational_number_constructor_test</Name>
			<Path>.</Path>
			<FullName>./Rational_number_constructor_test</FullName>
			<FullCommandLine>/Users/mikhailpankin/Work/C++/alice_in_wonderland/bin/Rational_number_constructor_test</FullCommandLine>
			<Results>
				<NamedMeasurement type="numeric/double" name="Execution Time">
					<Value>0.00610979</Value>
				</NamedMeasurement>
				<NamedMeasurement type="numeric/double" name="Processors">
					<Value>1</Value>
				</NamedMeasurement>
				<NamedMeasurement type="text/string" name="Completion Status">
					<Value>Completed</Value>
				</NamedMeasurement>
				<NamedMeasurement type="text/string" name="Command Line">
					<Value>/Users/mikhailpankin/Work/C++/alice_in_wonderland/bin/Rational_number_constructor_test</Value>
				</NamedMeasurement>
				<NamedMeasurement type="text/string" name="Environment">
					<Value>#CTEST_RESOURCE_GROUP_COUNT=</Value>
				</NamedMeasurement>
				<Measurement>
					<Value encoding="base64" compression="gzip">eJylUztPwzAQ3vMrbmxVNW4RjEwMDEggRVQMVWQ5zrU5xTlHfrTw70kaVLVICBJusc/+XvIji8zEe2gU8WwOO2cbEBuPzouG6kqRaRXXxOLNulo8LBZCGdIoieXRconOKC5FEcmUQpbYerG3dm8woA9L7/RFK05tP5O9W6p1sr0/Vw7ZV5Q76DF+yLI+NeAjBUyT7fJcOTwaWygz7CMfyFlukDsshmVsv4GvRDMVyLIykmNToJPasg8u6mCd7GHJFrLNM5wq/xWdcjRGkpf92FGHenkaS4XZCho/H2nuqWkNXq3rCnU9MshPMtNC9acsu6XuOkfmuGD+w7pV5KYY97x/2BKHKa4d7Ww6+c0OChBsUGae/O2nBFRp2n2U14o8tMoFsDsIFQ5IG0MbAxyVB4eNPWAJnlgjUKfyrhFLP4Arh76ypuzZ69XNLRQfnUCaJ5/YUIZJ====</Value>
				</Measurement>
			</Results>
		</Test>
		<Test Status="passed">
			<Name>Rational_number_operators_test</Name>
			<Path>.</Path>
			<FullName>./Rational_number_operators_test</FullName>
			<FullCommandLine>/Users/mikhailpankin/Work/C++/alice_in_wonderland/bin/Rational_number_operators_test</FullCommandLine>
			<Results>
				<NamedMeasurement type="numeric/double" name="Execution Time">
					<Value>0.00523775</Value>
				</NamedMeasurement>
				<NamedMeasurement type="numeric/double" name="Processors">
					<Value>1</Value>
				</NamedMeasurement>
				<NamedMeasurement type="text/string" name="Completion Status">
					<Value>Completed</Value>
				</NamedMeasurement>
				<NamedMeasurement type="text/string" name="Command Line">
					<Value>/Users/mikhailpankin/Work/C++/alice_in_wonderland/bin/Rational_number_operators_test</Value>
				</NamedMeasurement>
				<NamedMeasurement type="text/string" name="Environment">
					<Value>#CTEST_RESOURCE_GROUP_COUNT=</Value>
				</NamedMeasurement>
				<Measurement>
					<Value encoding="base64" compression="gzip">eJylkz1rwzAQhnf/ihsTQqykdOjSqUOHQgumoUMwQrYusbB8EvpImn9f2S5pmqXEvUnHve89h6QrIpGiPXRC0WwOO2c6YBuPzrNOtY1Q2gpqFbEP41r2tFgwoVWNXBE/GpLotCDJqqi0ZFyi9WxvzF5jQB+W3tUXKRvS/sR7Wl7X2fbxHCUU36M8QK/x4yzrIQEfVcA82y7PUcKzNpXQYx3poJyhDilpMSyjvRL/alqIoAwJzSl2FTpuLDoRjPO8F2VbKDavMET5hzaPJNyJd4qiP5d43WDdpjZjvL38pw3MVtD5+U1DKaod9ncxYZIr7xS8xOn4K+8UvNXpEm8n/9imQMenu5164ZuEjTooq09TyIM1z9OivDfKgxUugNlBaHDcKRODjQGOwkN6EnNACT79DgSV9u2zRpR+FDcOfWO07N3r1d09VKfUIC+zL/BUh6w=</Value>
				</Measurement>
			</Results>
		</Test>
		<Test Status="passed">
			<Name>StringInt_constructor_test</Name>
			<Path>.</Path>
			<FullName>./StringInt_constructor_test</FullName>
			<FullCommandLine>/Users/mikhailpankin/Work/C++/alice_in_wonderland/bin/StringInt_constructor_test</FullCommandLine>
			<Results>
				<NamedMeasurement type="numeric/double" name="Execution Time">
					<Value>0.217133</Value>
				</NamedMeasurement>
				<NamedMeasurement type="numeric/double" name="Processors">
					<Value>1</Value>
				</NamedMeasurement>
				<NamedMeasurement type="text/string" name="Completion Status">
					<Value>Completed</Value>
				</NamedMeasurement>
				<NamedMeasurement type="text/string" name="Command Line">
					<Value>/Users/mikhailpankin/Work/C++/alice_in_wonderland/bin/StringInt_constructor_test</Value>
				</NamedMeasurement>
				<NamedMeasurement type="text/string" name="Environment">
					<Value>#CTEST_RESOURCE_GROUP_COUNT=</Value>
				</NamedMeasurement>
				<Measurement>
					<Value encoding="base64" compression="gzip">eJytUk1LxDAQvfdXzHHL0kbx7EFURASVlsVDKSGbxBqaTko+3L9v0y7Fii7Luu+UYd68eTOZIiAqbKBjClcpvFvTAdk4aR3pVPvBlO4ZtgrJm7EtuV2vCdOKS6qQ7gwKaTVDQbZBaUGokL0jjTGNll46nznLv4VkDOOLxm4550l1PaOGYm/lCiLHTV4uxwBcUF7mSZXNqOFBmy3TU17ip7IGO4kDV/os9D/IC9HS26HRI3rKDTpvA/fG0khIKig2zzCiPsDLAzrVoBS/KUx4eTpRAVYX0Ln0aCv/NXImG3Gz1I35070cEpkNnfCvUy1445lOk+PuyEtmM2F2uDzTP88TLMN82WgY+/WmLO/v4u72hXnyBTJlMss=</Value>
				</Measurement>
			</Results>
		</Test>
		<Test Status="passed">
			<Name>StringInt_operators_test</Name>
			<Path>.</Path>
			<FullName>./StringInt_operators_test</FullName>
			<FullCommandLine>/Users/mikhailpankin/Work/C++/alice_in_wonderland/bin/StringInt_operators_test</FullCommandLine>
			<Results>
				<NamedMeasurement type="numeric/double" name="Execution Time">
					<Value>0.48063</Value>
				</NamedMeasurement>
				<NamedMeasurement type="numeric/double" name="Processors">
					<Value>1</Value>
				</NamedMeasurement>
				<NamedMeasurement type="text/string" name="Completion Status">
					<Value>Completed</Value>
				</NamedMeasurement>
				<NamedMeasurement type="text/string" name="Command Line">
					<Value>/Users/mikhailpankin/Work/C++/alice_in_wonderland/bin/StringInt_operators_test</Value>
				</NamedMeasurement>
				<NamedMeasurement type="text/string" name="Environment">
					<Value>#CTEST_RESOURCE_GROUP_COUNT=</Value>
				</NamedMeasurement>
				<Measurement>
					<Value encoding="base64" compression="gzip">eJyVk01LAzEQhu/7K+ZoKd20It48eRARFKrFQ1mWNJnuDptNQj5a++/dD1lbQTRzyiTvM08OyTpqTbqClpO+msHemRbYxqPzrKWm5qQs1w1p9m5cw+7nc8YVCSxJl0ejJTrFtWS7SEqyUqL1rDKmUhjQh4V34qxlQ9uvyt6WC5Ft76YqYP11lVvoM368y2powEcKmGfbxVQFPCiz42o8R30gZ3SLustiWET7I3wx9DW4TvSoQ2ksOh6M82V/nG1hvXmGoYpfU7kwreXDRilqFE2HjfXylILB1RJaP/un1Krok3TfQJqoJZ1oOiMSVVEFsuqUZruA0oSSDuTJ6CThJZQmrIRMck35SZP8iEcSgglczbK/vkyedx/lrSYP3dsMYPYQahwDJgYbAxy5B4etOaAET1ogUAd/CETpx3Dt0NdGyZ5eLa9vYHfqBuRF9gmvNnw2====</Value>
				</Measurement>
			</Results>
		</Test>
		<Test Status="failed">
			<Name>StringInt_cast_test</Name>
			<Path>.</Path>
			<FullName>./StringInt_cast_test</FullName>
			<FullCommandLine>/Users/mikhailpankin/Work/C++/alice_in_wonderland/bin/StringInt_cast_test</FullCommandLine>
			<Results>
				<NamedMeasurement type="text/string" name="Exit Code">
					<Value>Failed</Value>
				</NamedMeasurement>
				<NamedMeasurement type="text/string" name="Exit Value">
					<Value>1</Value>
				</NamedMeasurement>
				<NamedMeasurement type="numeric/double" name="Execution Time">
					<Value>0.698455</Value>
				</NamedMeasurement>
				<NamedMeasurement type="numeric/double" name="Processors">
					<Value>1</Value>
				</NamedMeasurement>
				<NamedMeasurement type="text/string" name="Completion Status">
					<Value>Completed</Value>
				</NamedMeasurement>
				<NamedMeasurement type="text/string" name="Command Line">
					<Value>/Users/mikhailpankin/Work/C++/alice_in_wonderland/bin/StringInt_cast_test</Value>
				</NamedMeasurement>
				<NamedMeasurement type="text/string" name="Environment">
					<Value>#CTEST_RESOURCE_GROUP_COUNT=</Value>
				</NamedMeasurement>
				<Measurement>
					<Value encoding="base64" compression="gzip">eJylU1FP2zAQfs+vuMdW0BjaTUKReEBbmdCqbWpBPFRV5DpHYtU5B/tCt38/u4FCKxBU3EOU8933fee787Ql0lRCLTX1+nDnbA3ixqPzotarSmrTSFppErfWrcS3oyMhjVaYa8rXlgp0RlIhlq02hcgLbLworS0NMnoeeKdeuGLjxr88qqVKJfPzrS1g+ljKCGKO72o53TjgW82YJvPB1hbww9ilNF0c6UE7SzVSyEUetM1e8g7pjF0QuiLOlQzVxEgyh+nNL9jY4rWE9PmMbbg+Y4nsO+zhDYut2BKKTWniNVHVNNlwlMFl4G0dJuO/DSrGAvC+Dbz8D+wdcIUe4UGaFn2WAPSMDW2Mnz70nGRtSZp+Eq92W2lVgfYZfP0yerLhWYidnjzbZLKX/DIYOgWXF1eT8ffDOwW9E6h9//1me10SFrmy5Nm1iq17mlJnv38eBvywcKh471hVqFbvC78B3AofsowdCNhynNvHtp5RukFh17T7qN58TOAkpbtC4Y5/LmazbrDDDpjujrtjOAajfdzCJRq7zj6zEUkSOB/B1+PZdfIfog+E1A==</Value>
				</Measurement>
			</Results>
		</Test>
		<EndDateTime>Sep 20 11:47 MSK</EndDateTime>
		<EndTestTime>1663663672</EndTestTime>
		<ElapsedMinutes>0</ElapsedMinutes>
	</Testing>
</Site>
